<?xml version="1.0" encoding="UTF-8"?>
<testng-results ignored="0" total="3" passed="3" failed="0" skipped="0">
  <reporter-output>
  </reporter-output>
  <suite started-at="2024-02-28T21:35:37 IST" name="Suite" finished-at="2024-02-28T21:46:45 IST" duration-ms="668625">
    <groups>
      <group name="cucumber">
        <method signature="AbstractTestNGCucumberTests.runScenario(io.cucumber.testng.PickleWrapper,io.cucumber.testng.FeatureWrapper)[pri:0, instance:com.TestRunner.testRun@48bb62]" name="runScenario" class="io.cucumber.testng.AbstractTestNGCucumberTests"/>
      </group> <!-- cucumber -->
    </groups>
    <test started-at="2024-02-28T21:35:37 IST" name="Test" finished-at="2024-02-28T21:46:45 IST" duration-ms="668625">
      <class name="com.TestRunner.testRun">
        <test-method is-config="true" signature="setUpClass(org.testng.ITestContext)[pri:0, instance:com.TestRunner.testRun@48bb62]" started-at="2024-02-28T21:35:37 IST" name="setUpClass" finished-at="2024-02-28T21:35:47 IST" duration-ms="10207" status="PASS">
          <params>
            <param index="0">
              <value>
                <![CDATA[org.testng.TestRunner@533053b4]]>
              </value>
            </param>
          </params>
          <reporter-output>
          </reporter-output>
        </test-method> <!-- setUpClass -->
        <test-method signature="runScenario(io.cucumber.testng.PickleWrapper,io.cucumber.testng.FeatureWrapper)[pri:0, instance:com.TestRunner.testRun@48bb62]" started-at="2024-02-28T21:35:47 IST" name="runScenario" description="Runs Cucumber Scenarios" data-provider="scenarios" finished-at="2024-02-28T21:38:34 IST" duration-ms="166656" status="PASS">
          <params>
            <param index="0">
              <value>
                <![CDATA["Getting the bikes data"]]>
              </value>
            </param>
            <param index="1">
              <value>
                <![CDATA["Identify New bikes"]]>
              </value>
            </param>
          </params>
          <reporter-output>
          </reporter-output>
        </test-method> <!-- runScenario -->
        <test-method signature="runScenario(io.cucumber.testng.PickleWrapper,io.cucumber.testng.FeatureWrapper)[pri:0, instance:com.TestRunner.testRun@48bb62]" started-at="2024-02-28T21:38:34 IST" name="runScenario" description="Runs Cucumber Scenarios" data-provider="scenarios" finished-at="2024-02-28T21:46:08 IST" duration-ms="454333" status="PASS">
          <params>
            <param index="0">
              <value>
                <![CDATA["Getting the cars data"]]>
              </value>
            </param>
            <param index="1">
              <value>
                <![CDATA["Identify New bikes"]]>
              </value>
            </param>
          </params>
          <reporter-output>
          </reporter-output>
        </test-method> <!-- runScenario -->
        <test-method signature="runScenario(io.cucumber.testng.PickleWrapper,io.cucumber.testng.FeatureWrapper)[pri:0, instance:com.TestRunner.testRun@48bb62]" started-at="2024-02-28T21:46:08 IST" name="runScenario" description="Runs Cucumber Scenarios" data-provider="scenarios" finished-at="2024-02-28T21:46:28 IST" duration-ms="19830" status="PASS">
          <params>
            <param index="0">
              <value>
                <![CDATA["Verifying the login"]]>
              </value>
            </param>
            <param index="1">
              <value>
                <![CDATA["Identify New bikes"]]>
              </value>
            </param>
          </params>
          <reporter-output>
          </reporter-output>
        </test-method> <!-- runScenario -->
        <test-method is-config="true" signature="tearDownClass()[pri:0, instance:com.TestRunner.testRun@48bb62]" started-at="2024-02-28T21:46:28 IST" name="tearDownClass" finished-at="2024-02-28T21:46:45 IST" duration-ms="17522" status="PASS">
          <reporter-output>
          </reporter-output>
        </test-method> <!-- tearDownClass -->
      </class> <!-- com.TestRunner.testRun -->
    </test> <!-- Test -->
  </suite> <!-- Suite -->
</testng-results>
