<?xml version="1.0" encoding="UTF-8"?>
<testng-results ignored="0" total="3" passed="3" failed="0" skipped="0">
  <reporter-output>
  </reporter-output>
  <suite started-at="2024-02-28T22:10:35 IST" name="Default suite" finished-at="2024-02-28T22:22:27 IST" duration-ms="712049">
    <groups>
      <group name="cucumber">
        <method signature="AbstractTestNGCucumberTests.runScenario(io.cucumber.testng.PickleWrapper,io.cucumber.testng.FeatureWrapper)[pri:0, instance:com.TestRunner.testRun@4e5ed836]" name="runScenario" class="io.cucumber.testng.AbstractTestNGCucumberTests"/>
      </group> <!-- cucumber -->
    </groups>
    <test started-at="2024-02-28T22:10:35 IST" name="Default test" finished-at="2024-02-28T22:22:27 IST" duration-ms="712049">
      <class name="com.TestRunner.testRun">
        <test-method is-config="true" signature="setUpClass(org.testng.ITestContext)[pri:0, instance:com.TestRunner.testRun@4e5ed836]" started-at="2024-02-28T22:10:35 IST" name="setUpClass" finished-at="2024-02-28T22:10:44 IST" duration-ms="8707" status="PASS">
          <params>
            <param index="0">
              <value>
                <![CDATA[org.testng.TestRunner@3b626720]]>
              </value>
            </param>
          </params>
          <reporter-output>
          </reporter-output>
        </test-method> <!-- setUpClass -->
        <test-method signature="runScenario(io.cucumber.testng.PickleWrapper,io.cucumber.testng.FeatureWrapper)[pri:0, instance:com.TestRunner.testRun@4e5ed836]" started-at="2024-02-28T22:10:44 IST" name="runScenario" description="Runs Cucumber Scenarios" data-provider="scenarios" finished-at="2024-02-28T22:13:56 IST" duration-ms="192482" status="PASS">
          <params>
            <param index="0">
              <value>
                <![CDATA["Getting the bikes data"]]>
              </value>
            </param>
            <param index="1">
              <value>
                <![CDATA["Identify New bikes"]]>
              </value>
            </param>
          </params>
          <reporter-output>
          </reporter-output>
        </test-method> <!-- runScenario -->
        <test-method signature="runScenario(io.cucumber.testng.PickleWrapper,io.cucumber.testng.FeatureWrapper)[pri:0, instance:com.TestRunner.testRun@4e5ed836]" started-at="2024-02-28T22:13:56 IST" name="runScenario" description="Runs Cucumber Scenarios" data-provider="scenarios" finished-at="2024-02-28T22:22:14 IST" duration-ms="497923" status="PASS">
          <params>
            <param index="0">
              <value>
                <![CDATA["Getting the cars data"]]>
              </value>
            </param>
            <param index="1">
              <value>
                <![CDATA["Identify New bikes"]]>
              </value>
            </param>
          </params>
          <reporter-output>
          </reporter-output>
        </test-method> <!-- runScenario -->
        <test-method signature="runScenario(io.cucumber.testng.PickleWrapper,io.cucumber.testng.FeatureWrapper)[pri:0, instance:com.TestRunner.testRun@4e5ed836]" started-at="2024-02-28T22:22:14 IST" name="runScenario" description="Runs Cucumber Scenarios" data-provider="scenarios" finished-at="2024-02-28T22:22:20 IST" duration-ms="6368" status="PASS">
          <params>
            <param index="0">
              <value>
                <![CDATA["Verifying the login"]]>
              </value>
            </param>
            <param index="1">
              <value>
                <![CDATA["Identify New bikes"]]>
              </value>
            </param>
          </params>
          <reporter-output>
          </reporter-output>
        </test-method> <!-- runScenario -->
        <test-method is-config="true" signature="tearDownClass()[pri:0, instance:com.TestRunner.testRun@4e5ed836]" started-at="2024-02-28T22:22:20 IST" name="tearDownClass" finished-at="2024-02-28T22:22:27 IST" duration-ms="6497" status="PASS">
          <reporter-output>
          </reporter-output>
        </test-method> <!-- tearDownClass -->
      </class> <!-- com.TestRunner.testRun -->
    </test> <!-- Default test -->
  </suite> <!-- Default suite -->
</testng-results>
